TinkerAndBugly/app/build/outputs/logs/manifest-merger-debug-report.txt
-- Merging decision tree log ---
manifest
ADDED from src\main\AndroidManifest.xml:2:1-16:12
	package
		ADDED from src\main\AndroidManifest.xml:3:5-48
		INJECTED from src\main\AndroidManifest.xml
		INJECTED from src\main\AndroidManifest.xml
	android:versionName
		INJECTED from src\main\AndroidManifest.xml
		INJECTED from src\main\AndroidManifest.xml
	xmlns:android
		ADDED from src\main\AndroidManifest.xml:2:11-69
	android:versionCode
		INJECTED from src\main\AndroidManifest.xml
		INJECTED from src\main\AndroidManifest.xml
application
ADDED from src\main\AndroidManifest.xml:5:5-14:19
MERGED from [com.android.support:appcompat-v7:23.1.1] AndroidManifest.xml:22:5-20
MERGED from [com.android.support:support-v4:23.1.1] AndroidManifest.xml:22:5-20
MERGED from [com.tencent.tinker:tinker-android-lib:1.7.1] AndroidManifest.xml:9:5-21:19
MERGED from [com.tencent.tinker:tinker-android-loader:1.7.1] AndroidManifest.xml:10:5-11:19
	android:label
		ADDED from src\main\AndroidManifest.xml:9:9-41
	android:supportsRtl
		ADDED from src\main\AndroidManifest.xml:10:9-35
	android:allowBackup
		ADDED from src\main\AndroidManifest.xml:7:9-35
	android:icon
		ADDED from src\main\AndroidManifest.xml:8:9-43
	android:theme
		ADDED from src\main\AndroidManifest.xml:11:9-40
	android:name
		ADDED from src\main\AndroidManifest.xml:6:9-46
activity#com.work.zhangyong.tinkerandbugly.app.MainActivity
ADDED from src\main\AndroidManifest.xml:13:9-53
	android:name
		ADDED from src\main\AndroidManifest.xml:13:19-51
uses-sdk
INJECTED from src\main\AndroidManifest.xml reason: use-sdk injection requested
MERGED from [com.android.support:multidex:1.0.1] AndroidManifest.xml:18:5-42
MERGED from [com.android.support:appcompat-v7:23.1.1] AndroidManifest.xml:20:5-43
MERGED from [com.android.support:support-v4:23.1.1] AndroidManifest.xml:20:5-43
MERGED from [com.tencent.tinker:tinker-android-lib:1.7.1] AndroidManifest.xml:5:5-7:41
MERGED from [com.tencent.tinker:tinker-android-loader:1.7.1] AndroidManifest.xml:6:5-8:41
	android:targetSdkVersion
		INJECTED from src\main\AndroidManifest.xml
		INJECTED from src\main\AndroidManifest.xml
	android:minSdkVersion
		INJECTED from src\main\AndroidManifest.xml
		INJECTED from src\main\AndroidManifest.xml
service#com.tencent.tinker.lib.service.TinkerPatchService
ADDED from [com.tencent.tinker:tinker-android-lib:1.7.1] AndroidManifest.xml:10:9-13:40
	android:process
		ADDED from [com.tencent.tinker:tinker-android-lib:1.7.1] AndroidManifest.xml:13:13-37
	android:exported
		ADDED from [com.tencent.tinker:tinker-android-lib:1.7.1] AndroidManifest.xml:12:13-37
	android:name
		ADDED from [com.tencent.tinker:tinker-android-lib:1.7.1] AndroidManifest.xml:11:13-77
service#com.tencent.tinker.lib.service.TinkerPatchService$InnerService
ADDED from [com.tencent.tinker:tinker-android-lib:1.7.1] AndroidManifest.xml:14:9-17:40
	android:process
		ADDED from [com.tencent.tinker:tinker-android-lib:1.7.1] AndroidManifest.xml:17:13-37
	android:exported
		ADDED from [com.tencent.tinker:tinker-android-lib:1.7.1] AndroidManifest.xml:16:13-37
	android:name
		ADDED from [com.tencent.tinker:tinker-android-lib:1.7.1] AndroidManifest.xml:15:13-90
service#com.tencent.tinker.lib.service.DefaultTinkerResultService
ADDED from [com.tencent.tinker:tinker-android-lib:1.7.1] AndroidManifest.xml:18:9-20:40
	android:exported
		ADDED from [com.tencent.tinker:tinker-android-lib:1.7.1] AndroidManifest.xml:20:13-37
	android:name
		ADDED from [com.tencent.tinker:tinker-android-lib:1.7.1] AndroidManifest.xml:19:13-85